# JRE version: Java(TM) SE Runtime Environment (17.0.7+8) (build 17.0.7+8-LTS-224)
# Java VM: Java HotSpot(TM) 64-Bit Server VM (17.0.7+8-LTS-224, mixed mode, sharing, tiered, compressed oops, compressed class ptrs, g1 gc, windows-amd64)
GC Precious Log:
 CPUs: 12 total, 12 available
 Memory: 32452M
 Large Page Support: Disabled
 NUMA Support: Disabled
 Compressed Oops: Enabled (Zero based)
 Heap Region Size: 4M
 Heap Min Capacity: 8M
 Heap Initial Capacity: 508M
 Heap Max Capacity: 8116M
 Pre-touch: Disabled
 Parallel Workers: 10
 Concurrent Workers: 3
 Concurrent Refinement Workers: 10
 Periodic GC: Disabled
Heap:
 garbage-first heap   total 69632K, used 38302K [0x0000000604c00000, 0x0000000800000000)
  region size 4096K, 8 young (32768K), 1 survivors (4096K)
 Metaspace       used 41318K, committed 41920K, reserved 1089536K
  class space    used 4757K, committed 5056K, reserved 1048576K
GC Heap History (18 events):
Event: 1.410 GC heap before
{Heap before GC invocations=0 (full 0):
 garbage-first heap   total 520192K, used 20480K [0x0000000604c00000, 0x0000000800000000)
  region size 4096K, 6 young (24576K), 0 survivors (0K)
 Metaspace       used 5439K, committed 5696K, reserved 1056768K
  class space    used 633K, committed 768K, reserved 1048576K
}
Event: 1.415 GC heap after
{Heap after GC invocations=1 (full 0):
 garbage-first heap   total 520192K, used 4285K [0x0000000604c00000, 0x0000000800000000)
  region size 4096K, 1 young (4096K), 1 survivors (4096K)
 Metaspace       used 5439K, committed 5696K, reserved 1056768K
  class space    used 633K, committed 768K, reserved 1048576K
}
Event: 2.067 GC heap before
{Heap before GC invocations=1 (full 0):
 garbage-first heap   total 520192K, used 24765K [0x0000000604c00000, 0x0000000800000000)
  region size 4096K, 6 young (24576K), 1 survivors (4096K)
 Metaspace       used 9454K, committed 9728K, reserved 1064960K
  class space    used 1173K, committed 1280K, reserved 1048576K
}
Event: 2.072 GC heap after
{Heap after GC invocations=2 (full 0):
 garbage-first heap   total 520192K, used 5851K [0x0000000604c00000, 0x0000000800000000)
  region size 4096K, 1 young (4096K), 1 survivors (4096K)
 Metaspace       used 9454K, committed 9728K, reserved 1064960K
  class space    used 1173K, committed 1280K, reserved 1048576K
}
Event: 3.402 GC heap before
{Heap before GC invocations=2 (full 0):
 garbage-first heap   total 520192K, used 50907K [0x0000000604c00000, 0x0000000800000000)
  region size 4096K, 12 young (49152K), 1 survivors (4096K)
 Metaspace       used 16632K, committed 16896K, reserved 1064960K
  class space    used 2071K, committed 2176K, reserved 1048576K
}
Event: 3.406 GC heap after
{Heap after GC invocations=3 (full 0):
 garbage-first heap   total 520192K, used 8692K [0x0000000604c00000, 0x0000000800000000)
  region size 4096K, 2 young (8192K), 2 survivors (8192K)
 Metaspace       used 16632K, committed 16896K, reserved 1064960K
  class space    used 2071K, committed 2176K, reserved 1048576K
}
Event: 4.535 GC heap before
{Heap before GC invocations=3 (full 0):
 garbage-first heap   total 520192K, used 33268K [0x0000000604c00000, 0x0000000800000000)
  region size 4096K, 9 young (36864K), 2 survivors (8192K)
 Metaspace       used 21182K, committed 21504K, reserved 1073152K
  class space    used 2696K, committed 2880K, reserved 1048576K
}
Event: 4.541 GC heap after
{Heap after GC invocations=4 (full 0):
 garbage-first heap   total 520192K, used 11046K [0x0000000604c00000, 0x0000000800000000)
  region size 4096K, 2 young (8192K), 2 survivors (8192K)
 Metaspace       used 21182K, committed 21504K, reserved 1073152K
  class space    used 2696K, committed 2880K, reserved 1048576K
}
Event: 5.856 GC heap before
{Heap before GC invocations=5 (full 0):
 garbage-first heap   total 69632K, used 43814K [0x0000000604c00000, 0x0000000800000000)
  region size 4096K, 10 young (40960K), 2 survivors (8192K)
 Metaspace       used 27504K, committed 28032K, reserved 1073152K
  class space    used 3376K, committed 3648K, reserved 1048576K
}
Event: 5.864 GC heap after
{Heap after GC invocations=6 (full 0):
 garbage-first heap   total 69632K, used 14355K [0x0000000604c00000, 0x0000000800000000)
  region size 4096K, 2 young (8192K), 2 survivors (8192K)
 Metaspace       used 27504K, committed 28032K, reserved 1073152K
  class space    used 3376K, committed 3648K, reserved 1048576K
}
Event: 6.087 GC heap before
{Heap before GC invocations=6 (full 0):
 garbage-first heap   total 69632K, used 14355K [0x0000000604c00000, 0x0000000800000000)
  region size 4096K, 3 young (12288K), 2 survivors (8192K)
 Metaspace       used 27958K, committed 28352K, reserved 1081344K
  class space    used 3442K, committed 3648K, reserved 1048576K
}
Event: 6.092 GC heap after
{Heap after GC invocations=7 (full 0):
 garbage-first heap   total 69632K, used 15096K [0x0000000604c00000, 0x0000000800000000)
  region size 4096K, 1 young (4096K), 1 survivors (4096K)
 Metaspace       used 27958K, committed 28352K, reserved 1081344K
  class space    used 3442K, committed 3648K, reserved 1048576K
}
Event: 219.945 GC heap before
{Heap before GC invocations=7 (full 0):
 garbage-first heap   total 69632K, used 43768K [0x0000000604c00000, 0x0000000800000000)
  region size 4096K, 8 young (32768K), 1 survivors (4096K)
 Metaspace       used 31014K, committed 31552K, reserved 1081344K
  class space    used 3824K, committed 4096K, reserved 1048576K
}
Event: 219.948 GC heap after
{Heap after GC invocations=8 (full 0):
 garbage-first heap   total 69632K, used 16082K [0x0000000604c00000, 0x0000000800000000)
  region size 4096K, 1 young (4096K), 1 survivors (4096K)
 Metaspace       used 31014K, committed 31552K, reserved 1081344K
  class space    used 3824K, committed 4096K, reserved 1048576K
}
Event: 896.543 GC heap before
{Heap before GC invocations=8 (full 0):
 garbage-first heap   total 69632K, used 44754K [0x0000000604c00000, 0x0000000800000000)
  region size 4096K, 8 young (32768K), 1 survivors (4096K)
 Metaspace       used 32465K, committed 32960K, reserved 1081344K
  class space    used 4000K, committed 4224K, reserved 1048576K
}
Event: 896.546 GC heap after
{Heap after GC invocations=9 (full 0):
 garbage-first heap   total 69632K, used 16529K [0x0000000604c00000, 0x0000000800000000)
  region size 4096K, 1 young (4096K), 1 survivors (4096K)
 Metaspace       used 32465K, committed 32960K, reserved 1081344K
  class space    used 4000K, committed 4224K, reserved 1048576K
}
Event: 897.078 GC heap before
{Heap before GC invocations=9 (full 0):
 garbage-first heap   total 69632K, used 28817K [0x0000000604c00000, 0x0000000800000000)
  region size 4096K, 6 young (24576K), 1 survivors (4096K)
 Metaspace       used 35636K, committed 36096K, reserved 1081344K
  class space    used 4270K, committed 4480K, reserved 1048576K
}
Event: 897.081 GC heap after
{Heap after GC invocations=10 (full 0):
 garbage-first heap   total 69632K, used 17822K [0x0000000604c00000, 0x0000000800000000)
  region size 4096K, 1 young (4096K), 1 survivors (4096K)
 Metaspace       used 35636K, committed 36096K, reserved 1081344K
  class space    used 4270K, committed 4480K, reserved 1048576K
}

