# JRE version: Java(TM) SE Runtime Environment (17.0.7+8) (build 17.0.7+8-LTS-224)
# Java VM: Java HotSpot(TM) 64-Bit Server VM (17.0.7+8-LTS-224, mixed mode, sharing, tiered, compressed oops, compressed class ptrs, g1 gc, windows-amd64)
GC Precious Log:
 CPUs: 12 total, 12 available
 Memory: 32452M
 Large Page Support: Disabled
 NUMA Support: Disabled
 Compressed Oops: Enabled (Zero based)
 Heap Region Size: 4M
 Heap Min Capacity: 8M
 Heap Initial Capacity: 508M
 Heap Max Capacity: 8116M
 Pre-touch: Disabled
 Parallel Workers: 10
 Concurrent Workers: 3
 Concurrent Refinement Workers: 10
 Periodic GC: Disabled
Heap:
 garbage-first heap   total 57344K, used 17417K [0x0000000604c00000, 0x0000000800000000)
  region size 4096K, 2 young (8192K), 1 survivors (4096K)
 Metaspace       used 39832K, committed 40320K, reserved 1089536K
  class space    used 4617K, committed 4864K, reserved 1048576K
GC Heap History (18 events):
Event: 1.388 GC heap before
{Heap before GC invocations=0 (full 0):
 garbage-first heap   total 520192K, used 24576K [0x0000000604c00000, 0x0000000800000000)
  region size 4096K, 6 young (24576K), 0 survivors (0K)
 Metaspace       used 5533K, committed 5760K, reserved 1056768K
  class space    used 645K, committed 768K, reserved 1048576K
}
Event: 1.393 GC heap after
{Heap after GC invocations=1 (full 0):
 garbage-first heap   total 520192K, used 4136K [0x0000000604c00000, 0x0000000800000000)
  region size 4096K, 1 young (4096K), 1 survivors (4096K)
 Metaspace       used 5533K, committed 5760K, reserved 1056768K
  class space    used 645K, committed 768K, reserved 1048576K
}
Event: 2.178 GC heap before
{Heap before GC invocations=1 (full 0):
 garbage-first heap   total 520192K, used 28712K [0x0000000604c00000, 0x0000000800000000)
  region size 4096K, 7 young (28672K), 1 survivors (4096K)
 Metaspace       used 10508K, committed 10752K, reserved 1064960K
  class space    used 1288K, committed 1408K, reserved 1048576K
}
Event: 2.183 GC heap after
{Heap after GC invocations=2 (full 0):
 garbage-first heap   total 520192K, used 5777K [0x0000000604c00000, 0x0000000800000000)
  region size 4096K, 1 young (4096K), 1 survivors (4096K)
 Metaspace       used 10508K, committed 10752K, reserved 1064960K
  class space    used 1288K, committed 1408K, reserved 1048576K
}
Event: 3.677 GC heap before
{Heap before GC invocations=2 (full 0):
 garbage-first heap   total 520192K, used 54929K [0x0000000604c00000, 0x0000000800000000)
  region size 4096K, 13 young (53248K), 1 survivors (4096K)
 Metaspace       used 17743K, committed 17984K, reserved 1064960K
  class space    used 2211K, committed 2368K, reserved 1048576K
}
Event: 3.681 GC heap after
{Heap after GC invocations=3 (full 0):
 garbage-first heap   total 520192K, used 8905K [0x0000000604c00000, 0x0000000800000000)
  region size 4096K, 2 young (8192K), 2 survivors (8192K)
 Metaspace       used 17743K, committed 17984K, reserved 1064960K
  class space    used 2211K, committed 2368K, reserved 1048576K
}
Event: 4.520 GC heap before
{Heap before GC invocations=3 (full 0):
 garbage-first heap   total 520192K, used 25289K [0x0000000604c00000, 0x0000000800000000)
  region size 4096K, 7 young (28672K), 2 survivors (8192K)
 Metaspace       used 21170K, committed 21504K, reserved 1073152K
  class space    used 2697K, committed 2880K, reserved 1048576K
}
Event: 4.524 GC heap after
{Heap after GC invocations=4 (full 0):
 garbage-first heap   total 520192K, used 10864K [0x0000000604c00000, 0x0000000800000000)
  region size 4096K, 2 young (8192K), 2 survivors (8192K)
 Metaspace       used 21170K, committed 21504K, reserved 1073152K
  class space    used 2697K, committed 2880K, reserved 1048576K
}
Event: 6.166 GC heap before
{Heap before GC invocations=5 (full 0):
 garbage-first heap   total 57344K, used 39536K [0x0000000604c00000, 0x0000000800000000)
  region size 4096K, 10 young (40960K), 2 survivors (8192K)
 Metaspace       used 27817K, committed 28224K, reserved 1081344K
  class space    used 3436K, committed 3648K, reserved 1048576K
}
Event: 6.175 GC heap after
{Heap after GC invocations=6 (full 0):
 garbage-first heap   total 57344K, used 14102K [0x0000000604c00000, 0x0000000800000000)
  region size 4096K, 3 young (12288K), 3 survivors (12288K)
 Metaspace       used 27817K, committed 28224K, reserved 1081344K
  class space    used 3436K, committed 3648K, reserved 1048576K
}
Event: 31.239 GC heap before
{Heap before GC invocations=6 (full 0):
 garbage-first heap   total 57344K, used 34582K [0x0000000604c00000, 0x0000000800000000)
  region size 4096K, 8 young (32768K), 3 survivors (12288K)
 Metaspace       used 30613K, committed 31040K, reserved 1081344K
  class space    used 3799K, committed 3968K, reserved 1048576K
}
Event: 31.247 GC heap after
{Heap after GC invocations=7 (full 0):
 garbage-first heap   total 57344K, used 15792K [0x0000000604c00000, 0x0000000800000000)
  region size 4096K, 1 young (4096K), 1 survivors (4096K)
 Metaspace       used 30613K, committed 31040K, reserved 1081344K
  class space    used 3799K, committed 3968K, reserved 1048576K
}
Event: 37.719 GC heap before
{Heap before GC invocations=7 (full 0):
 garbage-first heap   total 57344K, used 32176K [0x0000000604c00000, 0x0000000800000000)
  region size 4096K, 6 young (24576K), 1 survivors (4096K)
 Metaspace       used 34774K, committed 35328K, reserved 1081344K
  class space    used 4171K, committed 4416K, reserved 1048576K
}
Event: 37.722 GC heap after
{Heap after GC invocations=8 (full 0):
 garbage-first heap   total 57344K, used 16590K [0x0000000604c00000, 0x0000000800000000)
  region size 4096K, 1 young (4096K), 1 survivors (4096K)
 Metaspace       used 34774K, committed 35328K, reserved 1081344K
  class space    used 4171K, committed 4416K, reserved 1048576K
}
Event: 37.797 GC heap before
{Heap before GC invocations=8 (full 0):
 garbage-first heap   total 57344K, used 16590K [0x0000000604c00000, 0x0000000800000000)
  region size 4096K, 2 young (8192K), 1 survivors (4096K)
 Metaspace       used 35461K, committed 35968K, reserved 1081344K
  class space    used 4218K, committed 4480K, reserved 1048576K
}
Event: 37.799 GC heap after
{Heap after GC invocations=9 (full 0):
 garbage-first heap   total 57344K, used 17195K [0x0000000604c00000, 0x0000000800000000)
  region size 4096K, 1 young (4096K), 1 survivors (4096K)
 Metaspace       used 35461K, committed 35968K, reserved 1081344K
  class space    used 4218K, committed 4480K, reserved 1048576K
}
Event: 44.611 GC heap before
{Heap before GC invocations=10 (full 0):
 garbage-first heap   total 57344K, used 33579K [0x0000000604c00000, 0x0000000800000000)
  region size 4096K, 6 young (24576K), 1 survivors (4096K)
 Metaspace       used 39805K, committed 40320K, reserved 1089536K
  class space    used 4614K, committed 4864K, reserved 1048576K
}
Event: 44.613 GC heap after
{Heap after GC invocations=11 (full 0):
 garbage-first heap   total 57344K, used 17417K [0x0000000604c00000, 0x0000000800000000)
  region size 4096K, 1 young (4096K), 1 survivors (4096K)
 Metaspace       used 39805K, committed 40320K, reserved 1089536K
  class space    used 4614K, committed 4864K, reserved 1048576K
}

