# JRE version: Java(TM) SE Runtime Environment (17.0.7+8) (build 17.0.7+8-LTS-224)
# Java VM: Java HotSpot(TM) 64-Bit Server VM (17.0.7+8-LTS-224, mixed mode, sharing, tiered, compressed oops, compressed class ptrs, g1 gc, windows-amd64)
GC Precious Log:
 CPUs: 12 total, 12 available
 Memory: 32452M
 Large Page Support: Disabled
 NUMA Support: Disabled
 Compressed Oops: Enabled (Zero based)
 Heap Region Size: 4M
 Heap Min Capacity: 8M
 Heap Initial Capacity: 508M
 Heap Max Capacity: 8116M
 Pre-touch: Disabled
 Parallel Workers: 10
 Concurrent Workers: 3
 Concurrent Refinement Workers: 10
 Periodic GC: Disabled
Heap:
 garbage-first heap   total 57344K, used 29489K [0x0000000604c00000, 0x0000000800000000)
  region size 4096K, 6 young (24576K), 1 survivors (4096K)
 Metaspace       used 39640K, committed 40128K, reserved 1089536K
  class space    used 4583K, committed 4800K, reserved 1048576K
GC Heap History (16 events):
Event: 1.629 GC heap before
{Heap before GC invocations=0 (full 0):
 garbage-first heap   total 520192K, used 24576K [0x0000000604c00000, 0x0000000800000000)
  region size 4096K, 6 young (24576K), 0 survivors (0K)
 Metaspace       used 5535K, committed 5760K, reserved 1056768K
  class space    used 646K, committed 768K, reserved 1048576K
}
Event: 1.635 GC heap after
{Heap after GC invocations=1 (full 0):
 garbage-first heap   total 520192K, used 4084K [0x0000000604c00000, 0x0000000800000000)
  region size 4096K, 1 young (4096K), 1 survivors (4096K)
 Metaspace       used 5535K, committed 5760K, reserved 1056768K
  class space    used 646K, committed 768K, reserved 1048576K
}
Event: 2.337 GC heap before
{Heap before GC invocations=1 (full 0):
 garbage-first heap   total 520192K, used 20468K [0x0000000604c00000, 0x0000000800000000)
  region size 4096K, 6 young (24576K), 1 survivors (4096K)
 Metaspace       used 9555K, committed 9792K, reserved 1064960K
  class space    used 1186K, committed 1280K, reserved 1048576K
}
Event: 2.342 GC heap after
{Heap after GC invocations=2 (full 0):
 garbage-first heap   total 520192K, used 5607K [0x0000000604c00000, 0x0000000800000000)
  region size 4096K, 1 young (4096K), 1 survivors (4096K)
 Metaspace       used 9555K, committed 9792K, reserved 1064960K
  class space    used 1186K, committed 1280K, reserved 1048576K
}
Event: 4.491 GC heap before
{Heap before GC invocations=2 (full 0):
 garbage-first heap   total 520192K, used 54759K [0x0000000604c00000, 0x0000000800000000)
  region size 4096K, 13 young (53248K), 1 survivors (4096K)
 Metaspace       used 17324K, committed 17664K, reserved 1064960K
  class space    used 2145K, committed 2304K, reserved 1048576K
}
Event: 4.499 GC heap after
{Heap after GC invocations=3 (full 0):
 garbage-first heap   total 520192K, used 8695K [0x0000000604c00000, 0x0000000800000000)
  region size 4096K, 2 young (8192K), 2 survivors (8192K)
 Metaspace       used 17324K, committed 17664K, reserved 1064960K
  class space    used 2145K, committed 2304K, reserved 1048576K
}
Event: 5.969 GC heap before
{Heap before GC invocations=3 (full 0):
 garbage-first heap   total 520192K, used 29175K [0x0000000604c00000, 0x0000000800000000)
  region size 4096K, 8 young (32768K), 2 survivors (8192K)
 Metaspace       used 21175K, committed 21504K, reserved 1073152K
  class space    used 2692K, committed 2880K, reserved 1048576K
}
Event: 5.976 GC heap after
{Heap after GC invocations=4 (full 0):
 garbage-first heap   total 520192K, used 10709K [0x0000000604c00000, 0x0000000800000000)
  region size 4096K, 2 young (8192K), 2 survivors (8192K)
 Metaspace       used 21175K, committed 21504K, reserved 1073152K
  class space    used 2692K, committed 2880K, reserved 1048576K
}
Event: 7.820 GC heap before
{Heap before GC invocations=5 (full 0):
 garbage-first heap   total 57344K, used 39381K [0x0000000604c00000, 0x0000000800000000)
  region size 4096K, 10 young (40960K), 2 survivors (8192K)
 Metaspace       used 27488K, committed 27904K, reserved 1073152K
  class space    used 3386K, committed 3584K, reserved 1048576K
}
Event: 7.829 GC heap after
{Heap after GC invocations=6 (full 0):
 garbage-first heap   total 57344K, used 13732K [0x0000000604c00000, 0x0000000800000000)
  region size 4096K, 3 young (12288K), 3 survivors (12288K)
 Metaspace       used 27488K, committed 27904K, reserved 1073152K
  class space    used 3386K, committed 3584K, reserved 1048576K
}
Event: 8.986 GC heap before
{Heap before GC invocations=6 (full 0):
 garbage-first heap   total 57344K, used 34212K [0x0000000604c00000, 0x0000000800000000)
  region size 4096K, 8 young (32768K), 3 survivors (12288K)
 Metaspace       used 30493K, committed 30912K, reserved 1081344K
  class space    used 3772K, committed 3968K, reserved 1048576K
}
Event: 8.995 GC heap after
{Heap after GC invocations=7 (full 0):
 garbage-first heap   total 57344K, used 16085K [0x0000000604c00000, 0x0000000800000000)
  region size 4096K, 1 young (4096K), 1 survivors (4096K)
 Metaspace       used 30493K, committed 30912K, reserved 1081344K
  class space    used 3772K, committed 3968K, reserved 1048576K
}
Event: 10.072 GC heap before
{Heap before GC invocations=7 (full 0):
 garbage-first heap   total 57344K, used 32469K [0x0000000604c00000, 0x0000000800000000)
  region size 4096K, 6 young (24576K), 1 survivors (4096K)
 Metaspace       used 34330K, committed 34816K, reserved 1081344K
  class space    used 4132K, committed 4352K, reserved 1048576K
}
Event: 10.076 GC heap after
{Heap after GC invocations=8 (full 0):
 garbage-first heap   total 57344K, used 16959K [0x0000000604c00000, 0x0000000800000000)
  region size 4096K, 1 young (4096K), 1 survivors (4096K)
 Metaspace       used 34330K, committed 34816K, reserved 1081344K
  class space    used 4132K, committed 4352K, reserved 1048576K
}
Event: 10.202 GC heap before
{Heap before GC invocations=8 (full 0):
 garbage-first heap   total 57344K, used 16959K [0x0000000604c00000, 0x0000000800000000)
  region size 4096K, 3 young (12288K), 1 survivors (4096K)
 Metaspace       used 35607K, committed 36096K, reserved 1081344K
  class space    used 4218K, committed 4480K, reserved 1048576K
}
Event: 10.204 GC heap after
{Heap after GC invocations=9 (full 0):
 garbage-first heap   total 57344K, used 17201K [0x0000000604c00000, 0x0000000800000000)
  region size 4096K, 1 young (4096K), 1 survivors (4096K)
 Metaspace       used 35607K, committed 36096K, reserved 1081344K
  class space    used 4218K, committed 4480K, reserved 1048576K
}

