# JRE version: Java(TM) SE Runtime Environment (17.0.7+8) (build 17.0.7+8-LTS-224)
# Java VM: Java HotSpot(TM) 64-Bit Server VM (17.0.7+8-LTS-224, mixed mode, sharing, tiered, compressed oops, compressed class ptrs, g1 gc, windows-amd64)
GC Precious Log:
 CPUs: 12 total, 12 available
 Memory: 32452M
 Large Page Support: Disabled
 NUMA Support: Disabled
 Compressed Oops: Enabled (Zero based)
 Heap Region Size: 4M
 Heap Min Capacity: 8M
 Heap Initial Capacity: 508M
 Heap Max Capacity: 8116M
 Pre-touch: Disabled
 Parallel Workers: 10
 Concurrent Workers: 3
 Concurrent Refinement Workers: 10
 Periodic GC: Disabled
Heap:
 garbage-first heap   total 69632K, used 38417K [0x0000000604c00000, 0x0000000800000000)
  region size 4096K, 6 young (24576K), 1 survivors (4096K)
 Metaspace       used 49071K, committed 49728K, reserved 1097728K
  class space    used 5703K, committed 6016K, reserved 1048576K
GC Heap History (20 events):
Event: 412.804 GC heap before
{Heap before GC invocations=17 (full 2):
 garbage-first heap   total 69632K, used 46132K [0x0000000604c00000, 0x0000000800000000)
  region size 4096K, 7 young (28672K), 1 survivors (4096K)
 Metaspace       used 47932K, committed 48512K, reserved 1097728K
  class space    used 5649K, committed 5952K, reserved 1048576K
}
Event: 412.806 GC heap after
{Heap after GC invocations=18 (full 2):
 garbage-first heap   total 69632K, used 21746K [0x0000000604c00000, 0x0000000800000000)
  region size 4096K, 1 young (4096K), 1 survivors (4096K)
 Metaspace       used 47932K, committed 48512K, reserved 1097728K
  class space    used 5649K, committed 5952K, reserved 1048576K
}
Event: 707.911 GC heap before
{Heap before GC invocations=18 (full 2):
 garbage-first heap   total 69632K, used 46322K [0x0000000604c00000, 0x0000000800000000)
  region size 4096K, 7 young (28672K), 1 survivors (4096K)
 Metaspace       used 47983K, committed 48576K, reserved 1097728K
  class space    used 5649K, committed 5952K, reserved 1048576K
}
Event: 707.915 GC heap after
{Heap after GC invocations=19 (full 2):
 garbage-first heap   total 69632K, used 21779K [0x0000000604c00000, 0x0000000800000000)
  region size 4096K, 1 young (4096K), 1 survivors (4096K)
 Metaspace       used 47983K, committed 48576K, reserved 1097728K
  class space    used 5649K, committed 5952K, reserved 1048576K
}
Event: 708.771 GC heap before
{Heap before GC invocations=19 (full 2):
 garbage-first heap   total 69632K, used 21779K [0x0000000604c00000, 0x0000000800000000)
  region size 4096K, 2 young (8192K), 1 survivors (4096K)
 Metaspace       used 47990K, committed 48576K, reserved 1097728K
  class space    used 5649K, committed 5952K, reserved 1048576K
}
Event: 708.823 GC heap after
{Heap after GC invocations=20 (full 3):
 garbage-first heap   total 69632K, used 19328K [0x0000000604c00000, 0x0000000800000000)
  region size 4096K, 0 young (0K), 0 survivors (0K)
 Metaspace       used 47984K, committed 48576K, reserved 1097728K
  class space    used 5648K, committed 5952K, reserved 1048576K
}
Event: 709.182 GC heap before
{Heap before GC invocations=20 (full 3):
 garbage-first heap   total 69632K, used 52096K [0x0000000604c00000, 0x0000000800000000)
  region size 4096K, 8 young (32768K), 0 survivors (0K)
 Metaspace       used 48187K, committed 48768K, reserved 1097728K
  class space    used 5656K, committed 5952K, reserved 1048576K
}
Event: 709.183 GC heap after
{Heap after GC invocations=21 (full 3):
 garbage-first heap   total 69632K, used 21673K [0x0000000604c00000, 0x0000000800000000)
  region size 4096K, 1 young (4096K), 1 survivors (4096K)
 Metaspace       used 48187K, committed 48768K, reserved 1097728K
  class space    used 5656K, committed 5952K, reserved 1048576K
}
Event: 749.810 GC heap before
{Heap before GC invocations=21 (full 3):
 garbage-first heap   total 69632K, used 33961K [0x0000000604c00000, 0x0000000800000000)
  region size 4096K, 5 young (20480K), 1 survivors (4096K)
 Metaspace       used 48274K, committed 48832K, reserved 1097728K
  class space    used 5659K, committed 5952K, reserved 1048576K
}
Event: 749.869 GC heap after
{Heap after GC invocations=22 (full 4):
 garbage-first heap   total 69632K, used 19413K [0x0000000604c00000, 0x0000000800000000)
  region size 4096K, 0 young (0K), 0 survivors (0K)
 Metaspace       used 48272K, committed 48832K, reserved 1097728K
  class space    used 5658K, committed 5952K, reserved 1048576K
}
Event: 750.325 GC heap before
{Heap before GC invocations=22 (full 4):
 garbage-first heap   total 69632K, used 52181K [0x0000000604c00000, 0x0000000800000000)
  region size 4096K, 8 young (32768K), 0 survivors (0K)
 Metaspace       used 48445K, committed 49024K, reserved 1097728K
  class space    used 5673K, committed 5952K, reserved 1048576K
}
Event: 750.327 GC heap after
{Heap after GC invocations=23 (full 4):
 garbage-first heap   total 69632K, used 21981K [0x0000000604c00000, 0x0000000800000000)
  region size 4096K, 1 young (4096K), 1 survivors (4096K)
 Metaspace       used 48445K, committed 49024K, reserved 1097728K
  class space    used 5673K, committed 5952K, reserved 1048576K
}
Event: 816.485 GC heap before
{Heap before GC invocations=23 (full 4):
 garbage-first heap   total 69632K, used 34269K [0x0000000604c00000, 0x0000000800000000)
  region size 4096K, 5 young (20480K), 1 survivors (4096K)
 Metaspace       used 48505K, committed 49024K, reserved 1097728K
  class space    used 5677K, committed 5952K, reserved 1048576K
}
Event: 816.542 GC heap after
{Heap after GC invocations=24 (full 5):
 garbage-first heap   total 69632K, used 19478K [0x0000000604c00000, 0x0000000800000000)
  region size 4096K, 0 young (0K), 0 survivors (0K)
 Metaspace       used 48503K, committed 49024K, reserved 1097728K
  class space    used 5676K, committed 5952K, reserved 1048576K
}
Event: 817.036 GC heap before
{Heap before GC invocations=24 (full 5):
 garbage-first heap   total 69632K, used 52246K [0x0000000604c00000, 0x0000000800000000)
  region size 4096K, 8 young (32768K), 0 survivors (0K)
 Metaspace       used 48614K, committed 49216K, reserved 1097728K
  class space    used 5684K, committed 5952K, reserved 1048576K
}
Event: 817.038 GC heap after
{Heap after GC invocations=25 (full 5):
 garbage-first heap   total 69632K, used 22038K [0x0000000604c00000, 0x0000000800000000)
  region size 4096K, 1 young (4096K), 1 survivors (4096K)
 Metaspace       used 48614K, committed 49216K, reserved 1097728K
  class space    used 5684K, committed 5952K, reserved 1048576K
}
Event: 826.936 GC heap before
{Heap before GC invocations=25 (full 5):
 garbage-first heap   total 69632K, used 30230K [0x0000000604c00000, 0x0000000800000000)
  region size 4096K, 4 young (16384K), 1 survivors (4096K)
 Metaspace       used 48668K, committed 49280K, reserved 1097728K
  class space    used 5687K, committed 6016K, reserved 1048576K
}
Event: 826.990 GC heap after
{Heap after GC invocations=26 (full 6):
 garbage-first heap   total 69632K, used 19562K [0x0000000604c00000, 0x0000000800000000)
  region size 4096K, 0 young (0K), 0 survivors (0K)
 Metaspace       used 48665K, committed 49280K, reserved 1097728K
  class space    used 5687K, committed 6016K, reserved 1048576K
}
Event: 827.413 GC heap before
{Heap before GC invocations=26 (full 6):
 garbage-first heap   total 69632K, used 52330K [0x0000000604c00000, 0x0000000800000000)
  region size 4096K, 8 young (32768K), 0 survivors (0K)
 Metaspace       used 48823K, committed 49472K, reserved 1097728K
  class space    used 5700K, committed 6016K, reserved 1048576K
}
Event: 827.415 GC heap after
{Heap after GC invocations=27 (full 6):
 garbage-first heap   total 69632K, used 22033K [0x0000000604c00000, 0x0000000800000000)
  region size 4096K, 1 young (4096K), 1 survivors (4096K)
 Metaspace       used 48823K, committed 49472K, reserved 1097728K
  class space    used 5700K, committed 6016K, reserved 1048576K
}

