# JRE version: Java(TM) SE Runtime Environment (17.0.7+8) (build 17.0.7+8-LTS-224)
# Java VM: Java HotSpot(TM) 64-Bit Server VM (17.0.7+8-LTS-224, mixed mode, sharing, tiered, compressed oops, compressed class ptrs, g1 gc, windows-amd64)
GC Precious Log:
 CPUs: 12 total, 12 available
 Memory: 32452M
 Large Page Support: Disabled
 NUMA Support: Disabled
 Compressed Oops: Enabled (Zero based)
 Heap Region Size: 4M
 Heap Min Capacity: 8M
 Heap Initial Capacity: 508M
 Heap Max Capacity: 8116M
 Pre-touch: Disabled
 Parallel Workers: 10
 Concurrent Workers: 3
 Concurrent Refinement Workers: 10
 Periodic GC: Disabled
Heap:
 garbage-first heap   total 57344K, used 33765K [0x0000000604c00000, 0x0000000800000000)
  region size 4096K, 6 young (24576K), 1 survivors (4096K)
 Metaspace       used 39609K, committed 40064K, reserved 1089536K
  class space    used 4585K, committed 4800K, reserved 1048576K
GC Heap History (16 events):
Event: 1.213 GC heap before
{Heap before GC invocations=0 (full 0):
 garbage-first heap   total 520192K, used 24576K [0x0000000604c00000, 0x0000000800000000)
  region size 4096K, 6 young (24576K), 0 survivors (0K)
 Metaspace       used 5522K, committed 5760K, reserved 1056768K
  class space    used 645K, committed 768K, reserved 1048576K
}
Event: 1.218 GC heap after
{Heap after GC invocations=1 (full 0):
 garbage-first heap   total 520192K, used 4112K [0x0000000604c00000, 0x0000000800000000)
  region size 4096K, 1 young (4096K), 1 survivors (4096K)
 Metaspace       used 5522K, committed 5760K, reserved 1056768K
  class space    used 645K, committed 768K, reserved 1048576K
}
Event: 1.862 GC heap before
{Heap before GC invocations=1 (full 0):
 garbage-first heap   total 520192K, used 24592K [0x0000000604c00000, 0x0000000800000000)
  region size 4096K, 6 young (24576K), 1 survivors (4096K)
 Metaspace       used 9576K, committed 9856K, reserved 1064960K
  class space    used 1189K, committed 1344K, reserved 1048576K
}
Event: 1.867 GC heap after
{Heap after GC invocations=2 (full 0):
 garbage-first heap   total 520192K, used 5653K [0x0000000604c00000, 0x0000000800000000)
  region size 4096K, 1 young (4096K), 1 survivors (4096K)
 Metaspace       used 9576K, committed 9856K, reserved 1064960K
  class space    used 1189K, committed 1344K, reserved 1048576K
}
Event: 3.103 GC heap before
{Heap before GC invocations=2 (full 0):
 garbage-first heap   total 520192K, used 54805K [0x0000000604c00000, 0x0000000800000000)
  region size 4096K, 13 young (53248K), 1 survivors (4096K)
 Metaspace       used 17300K, committed 17600K, reserved 1064960K
  class space    used 2148K, committed 2304K, reserved 1048576K
}
Event: 3.107 GC heap after
{Heap after GC invocations=3 (full 0):
 garbage-first heap   total 520192K, used 8619K [0x0000000604c00000, 0x0000000800000000)
  region size 4096K, 2 young (8192K), 2 survivors (8192K)
 Metaspace       used 17300K, committed 17600K, reserved 1064960K
  class space    used 2148K, committed 2304K, reserved 1048576K
}
Event: 4.066 GC heap before
{Heap before GC invocations=3 (full 0):
 garbage-first heap   total 520192K, used 29099K [0x0000000604c00000, 0x0000000800000000)
  region size 4096K, 8 young (32768K), 2 survivors (8192K)
 Metaspace       used 21151K, committed 21504K, reserved 1073152K
  class space    used 2694K, committed 2880K, reserved 1048576K
}
Event: 4.070 GC heap after
{Heap after GC invocations=4 (full 0):
 garbage-first heap   total 520192K, used 10793K [0x0000000604c00000, 0x0000000800000000)
  region size 4096K, 2 young (8192K), 2 survivors (8192K)
 Metaspace       used 21151K, committed 21504K, reserved 1073152K
  class space    used 2694K, committed 2880K, reserved 1048576K
}
Event: 5.185 GC heap before
{Heap before GC invocations=5 (full 0):
 garbage-first heap   total 57344K, used 39465K [0x0000000604c00000, 0x0000000800000000)
  region size 4096K, 10 young (40960K), 2 survivors (8192K)
 Metaspace       used 27450K, committed 27840K, reserved 1073152K
  class space    used 3387K, committed 3584K, reserved 1048576K
}
Event: 5.192 GC heap after
{Heap after GC invocations=6 (full 0):
 garbage-first heap   total 57344K, used 13881K [0x0000000604c00000, 0x0000000800000000)
  region size 4096K, 3 young (12288K), 3 survivors (12288K)
 Metaspace       used 27450K, committed 27840K, reserved 1073152K
  class space    used 3387K, committed 3584K, reserved 1048576K
}
Event: 5.984 GC heap before
{Heap before GC invocations=6 (full 0):
 garbage-first heap   total 57344K, used 30265K [0x0000000604c00000, 0x0000000800000000)
  region size 4096K, 8 young (32768K), 3 survivors (12288K)
 Metaspace       used 30486K, committed 30912K, reserved 1081344K
  class space    used 3774K, committed 3968K, reserved 1048576K
}
Event: 5.992 GC heap after
{Heap after GC invocations=7 (full 0):
 garbage-first heap   total 57344K, used 16191K [0x0000000604c00000, 0x0000000800000000)
  region size 4096K, 1 young (4096K), 1 survivors (4096K)
 Metaspace       used 30486K, committed 30912K, reserved 1081344K
  class space    used 3774K, committed 3968K, reserved 1048576K
}
Event: 33.599 GC heap before
{Heap before GC invocations=7 (full 0):
 garbage-first heap   total 57344K, used 36671K [0x0000000604c00000, 0x0000000800000000)
  region size 4096K, 6 young (24576K), 1 survivors (4096K)
 Metaspace       used 34329K, committed 34816K, reserved 1081344K
  class space    used 4136K, committed 4352K, reserved 1048576K
}
Event: 33.603 GC heap after
{Heap after GC invocations=8 (full 0):
 garbage-first heap   total 57344K, used 16943K [0x0000000604c00000, 0x0000000800000000)
  region size 4096K, 1 young (4096K), 1 survivors (4096K)
 Metaspace       used 34329K, committed 34816K, reserved 1081344K
  class space    used 4136K, committed 4352K, reserved 1048576K
}
Event: 33.719 GC heap before
{Heap before GC invocations=8 (full 0):
 garbage-first heap   total 57344K, used 16943K [0x0000000604c00000, 0x0000000800000000)
  region size 4096K, 3 young (12288K), 1 survivors (4096K)
 Metaspace       used 35477K, committed 35968K, reserved 1081344K
  class space    used 4211K, committed 4480K, reserved 1048576K
}
Event: 33.722 GC heap after
{Heap after GC invocations=9 (full 0):
 garbage-first heap   total 57344K, used 17381K [0x0000000604c00000, 0x0000000800000000)
  region size 4096K, 1 young (4096K), 1 survivors (4096K)
 Metaspace       used 35477K, committed 35968K, reserved 1081344K
  class space    used 4211K, committed 4480K, reserved 1048576K
}

