# JRE version: Java(TM) SE Runtime Environment (17.0.7+8) (build 17.0.7+8-LTS-224)
# Java VM: Java HotSpot(TM) 64-Bit Server VM (17.0.7+8-LTS-224, mixed mode, sharing, tiered, compressed oops, compressed class ptrs, g1 gc, windows-amd64)
GC Precious Log:
 CPUs: 12 total, 12 available
 Memory: 32452M
 Large Page Support: Disabled
 NUMA Support: Disabled
 Compressed Oops: Enabled (Zero based)
 Heap Region Size: 4M
 Heap Min Capacity: 8M
 Heap Initial Capacity: 508M
 Heap Max Capacity: 8116M
 Pre-touch: Disabled
 Parallel Workers: 10
 Concurrent Workers: 3
 Concurrent Refinement Workers: 10
 Periodic GC: Disabled
Heap:
 garbage-first heap   total 69632K, used 42463K [0x0000000604c00000, 0x0000000800000000)
  region size 4096K, 8 young (32768K), 1 survivors (4096K)
 Metaspace       used 41207K, committed 41792K, reserved 1089536K
  class space    used 4752K, committed 5056K, reserved 1048576K
GC Heap History (16 events):
Event: 0.998 GC heap before
{Heap before GC invocations=0 (full 0):
 garbage-first heap   total 520192K, used 24576K [0x0000000604c00000, 0x0000000800000000)
  region size 4096K, 6 young (24576K), 0 survivors (0K)
 Metaspace       used 5424K, committed 5568K, reserved 1056768K
  class space    used 630K, committed 704K, reserved 1048576K
}
Event: 1.002 GC heap after
{Heap after GC invocations=1 (full 0):
 garbage-first heap   total 520192K, used 4239K [0x0000000604c00000, 0x0000000800000000)
  region size 4096K, 1 young (4096K), 1 survivors (4096K)
 Metaspace       used 5424K, committed 5568K, reserved 1056768K
  class space    used 630K, committed 704K, reserved 1048576K
}
Event: 1.526 GC heap before
{Heap before GC invocations=1 (full 0):
 garbage-first heap   total 520192K, used 20623K [0x0000000604c00000, 0x0000000800000000)
  region size 4096K, 6 young (24576K), 1 survivors (4096K)
 Metaspace       used 9368K, committed 9600K, reserved 1064960K
  class space    used 1168K, committed 1280K, reserved 1048576K
}
Event: 1.529 GC heap after
{Heap after GC invocations=2 (full 0):
 garbage-first heap   total 520192K, used 5948K [0x0000000604c00000, 0x0000000800000000)
  region size 4096K, 1 young (4096K), 1 survivors (4096K)
 Metaspace       used 9368K, committed 9600K, reserved 1064960K
  class space    used 1168K, committed 1280K, reserved 1048576K
}
Event: 2.507 GC heap before
{Heap before GC invocations=2 (full 0):
 garbage-first heap   total 520192K, used 46908K [0x0000000604c00000, 0x0000000800000000)
  region size 4096K, 12 young (49152K), 1 survivors (4096K)
 Metaspace       used 16554K, committed 16768K, reserved 1064960K
  class space    used 2063K, committed 2176K, reserved 1048576K
}
Event: 2.510 GC heap after
{Heap after GC invocations=3 (full 0):
 garbage-first heap   total 520192K, used 8637K [0x0000000604c00000, 0x0000000800000000)
  region size 4096K, 2 young (8192K), 2 survivors (8192K)
 Metaspace       used 16554K, committed 16768K, reserved 1064960K
  class space    used 2063K, committed 2176K, reserved 1048576K
}
Event: 3.477 GC heap before
{Heap before GC invocations=3 (full 0):
 garbage-first heap   total 520192K, used 37309K [0x0000000604c00000, 0x0000000800000000)
  region size 4096K, 10 young (40960K), 2 survivors (8192K)
 Metaspace       used 21181K, committed 21504K, reserved 1073152K
  class space    used 2696K, committed 2880K, reserved 1048576K
}
Event: 3.481 GC heap after
{Heap after GC invocations=4 (full 0):
 garbage-first heap   total 520192K, used 11166K [0x0000000604c00000, 0x0000000800000000)
  region size 4096K, 2 young (8192K), 2 survivors (8192K)
 Metaspace       used 21181K, committed 21504K, reserved 1073152K
  class space    used 2696K, committed 2880K, reserved 1048576K
}
Event: 4.520 GC heap before
{Heap before GC invocations=5 (full 0):
 garbage-first heap   total 69632K, used 43934K [0x0000000604c00000, 0x0000000800000000)
  region size 4096K, 10 young (40960K), 2 survivors (8192K)
 Metaspace       used 27488K, committed 27904K, reserved 1073152K
  class space    used 3374K, committed 3584K, reserved 1048576K
}
Event: 4.527 GC heap after
{Heap after GC invocations=6 (full 0):
 garbage-first heap   total 69632K, used 14210K [0x0000000604c00000, 0x0000000800000000)
  region size 4096K, 2 young (8192K), 2 survivors (8192K)
 Metaspace       used 27488K, committed 27904K, reserved 1073152K
  class space    used 3374K, committed 3584K, reserved 1048576K
}
Event: 4.710 GC heap before
{Heap before GC invocations=6 (full 0):
 garbage-first heap   total 69632K, used 18306K [0x0000000604c00000, 0x0000000800000000)
  region size 4096K, 3 young (12288K), 2 survivors (8192K)
 Metaspace       used 27977K, committed 28416K, reserved 1081344K
  class space    used 3438K, committed 3648K, reserved 1048576K
}
Event: 4.715 GC heap after
{Heap after GC invocations=7 (full 0):
 garbage-first heap   total 69632K, used 14981K [0x0000000604c00000, 0x0000000800000000)
  region size 4096K, 1 young (4096K), 1 survivors (4096K)
 Metaspace       used 27977K, committed 28416K, reserved 1081344K
  class space    used 3438K, committed 3648K, reserved 1048576K
}
Event: 8.095 GC heap before
{Heap before GC invocations=7 (full 0):
 garbage-first heap   total 69632K, used 43653K [0x0000000604c00000, 0x0000000800000000)
  region size 4096K, 8 young (32768K), 1 survivors (4096K)
 Metaspace       used 32425K, committed 32896K, reserved 1081344K
  class space    used 4005K, committed 4224K, reserved 1048576K
}
Event: 8.099 GC heap after
{Heap after GC invocations=8 (full 0):
 garbage-first heap   total 69632K, used 16466K [0x0000000604c00000, 0x0000000800000000)
  region size 4096K, 1 young (4096K), 1 survivors (4096K)
 Metaspace       used 32425K, committed 32896K, reserved 1081344K
  class space    used 4005K, committed 4224K, reserved 1048576K
}
Event: 8.541 GC heap before
{Heap before GC invocations=8 (full 0):
 garbage-first heap   total 69632K, used 28754K [0x0000000604c00000, 0x0000000800000000)
  region size 4096K, 6 young (24576K), 1 survivors (4096K)
 Metaspace       used 35653K, committed 36096K, reserved 1081344K
  class space    used 4271K, committed 4480K, reserved 1048576K
}
Event: 8.544 GC heap after
{Heap after GC invocations=9 (full 0):
 garbage-first heap   total 69632K, used 17887K [0x0000000604c00000, 0x0000000800000000)
  region size 4096K, 1 young (4096K), 1 survivors (4096K)
 Metaspace       used 35653K, committed 36096K, reserved 1081344K
  class space    used 4271K, committed 4480K, reserved 1048576K
}

